<?xml version="1.0" encoding="UTF-8"?>
<!-- Generated by org.testng.reporters.JUnitXMLReporter -->
<testsuite ignored="0" hostname="Ananthus-MacBook-Pro.local" failures="1" tests="3" name="E2E" time="5.78" errors="0" timestamp="2025-03-03T11:42:49 EST">
  <testcase classname="ananthuProject.Test.StandAloneTest" name="testUpdatingUserName" time="3.484">
    <failure type="java.lang.NullPointerException" message="Cannot invoke &amp;quot;org.openqa.selenium.WebElement.click()&amp;quot; because &amp;quot;actionList&amp;quot; is null">
      <![CDATA[java.lang.NullPointerException: Cannot invoke "org.openqa.selenium.WebElement.click()" because "actionList" is null
at ananthuProject.AbstractComponent.AbstarctComponent.selectMenuOption(AbstarctComponent.java:47)
at ananthuProject.pageobjects.HrmCatalouge.goToCatalouge(HrmCatalouge.java:38)
at ananthuProject.Test.StandAloneTest.testUpdatingUserName(StandAloneTest.java:44)
at java.base/java.util.ArrayList.forEach(ArrayList.java:1596)
at java.base/java.util.concurrent.FutureTask.run(FutureTask.java:317)
at java.base/java.util.concurrent.ThreadPoolExecutor.runWorker(ThreadPoolExecutor.java:1144)
at java.base/java.util.concurrent.ThreadPoolExecutor$Worker.run(ThreadPoolExecutor.java:642)
at java.base/java.lang.Thread.run(Thread.java:1583)
... Removed 16 stack frames]]>
    </failure>
  </testcase> <!-- testUpdatingUserName -->
  <testcase classname="ananthuProject.Test.StandAloneTest" name="searchNameInTimeSheet" time="0.0">
    <skipped/>
  </testcase> <!-- searchNameInTimeSheet -->
  <testcase classname="ananthuProject.Test.StandAloneTest" name="searchUpdatedUserFromDirectory" time="0.0">
    <skipped/>
  </testcase> <!-- searchUpdatedUserFromDirectory -->
</testsuite> <!-- E2E -->
